2022-01-24 16:39:10,014 INFO  [org.jboss.modules] (main) JBoss Modules version 2.0.0.Final
2022-01-24 16:39:11,702 INFO  [org.jboss.msc] (main) JBoss MSC version 1.4.13.Final
2022-01-24 16:39:11,711 INFO  [org.jboss.threads] (main) JBoss Threads version 2.4.0.Final
2022-01-24 16:39:11,804 INFO  [org.jboss.as] (MSC service thread 1-2) WFLYSRV0049: Keycloak 16.1.0 (WildFly Core 18.0.0.Final) starting
2022-01-24 16:39:11,806 DEBUG [org.jboss.as.config] (MSC service thread 1-2) Configured system properties:
	awt.toolkit = sun.awt.windows.WToolkit
	file.encoding = Cp1252
	file.encoding.pkg = sun.io
	file.separator = \
	java.awt.graphicsenv = sun.awt.Win32GraphicsEnvironment
	java.awt.headless = true
	java.awt.printerjob = sun.awt.windows.WPrinterJob
	java.class.path = C:\workspaceKeyclock\keycloak-16.1.0\jboss-modules.jar
	java.class.version = 52.0
	java.endorsed.dirs = C:\Program Files\Java\jdk1.8.0_202\jre\lib\endorsed
	java.ext.dirs = C:\Program Files\Java\jdk1.8.0_202\jre\lib\ext;C:\WINDOWS\Sun\Java\lib\ext
	java.home = C:\Program Files\Java\jdk1.8.0_202\jre
	java.io.tmpdir = C:\Users\ELTI~1.LOP\AppData\Local\Temp\
	java.library.path = C:\Program Files\Java\jdk1.8.0_202\bin;C:\WINDOWS\Sun\Java\bin;C:\WINDOWS\system32;C:\WINDOWS;C:\Program Files (x86)\Common Files\Oracle\Java\javapath;C:\WINDOWS\system32;C:\WINDOWS;C:\WINDOWS\System32\Wbem;C:\WINDOWS\System32\WindowsPowerShell\v1.0\;C:\WINDOWS\System32\OpenSSH\;C:\Program Files\Git\cmd;C:\workspaceReactSpring\apache-maven-3.8.4\bin;C:\ProgramData\chocolatey\bin;C:\Users\Elton Lopes\AppData\Roaming\nvm;C:\Program Files\nodejs;C:\Users\Elton Lopes\AppData\Local\Programs\Microsoft VS Code\bin;C:\Users\Elton Lopes\AppData\Local\Android\Sdk\platform-tools;C:\Program Files\Java\jdk1.8.0_202\bin;C:\gradle\gradle-7.3.2\bin;C:\Users\elti.lopes\AppData\Local\Android\Sdk\tools;C:\Users\elti.lopes\AppData\Local\Android\Sdk\tools\bin;C:\Users\elti.lopes\AppData\Local\Android\Sdk\platform-tools;C:\Users\elti.lopes\AppData\Local\Android\Sdk\emulator;%ANDROID_SDK_ROOT%\tools;%ANDROID_SDK_ROOT%\tools\bin;%ANDROID_SDK_ROOT%\platform-tools;C:\Users\elti.lopes\AppData\Local\Android\Sdk\emulator;C:\Program Files\Docker\Docker\resources\bin;C:\ProgramData\DockerDesktop\version-bin;C:\Users\elti.lopes\AppData\Local\Microsoft\WindowsApps;C:\Program Files\JetBrains\IntelliJ IDEA 2021.3\bin;;C:\Users\elti.lopes\AppData\Local\Programs\Microsoft VS Code\bin;C:\Users\Elton Lopes\AppData\Roaming\nvm;C:\Program Files\nodejs;.
	java.net.preferIPv4Stack = true
	java.runtime.name = Java(TM) SE Runtime Environment
	java.runtime.version = 1.8.0_202-b08
	java.specification.name = Java Platform API Specification
	java.specification.vendor = Oracle Corporation
	java.specification.version = 1.8
	java.util.logging.manager = org.jboss.logmanager.LogManager
	java.vendor = Oracle Corporation
	java.vendor.url = http://java.oracle.com/
	java.vendor.url.bug = http://bugreport.sun.com/bugreport/
	java.version = 1.8.0_202
	java.vm.info = mixed mode
	java.vm.name = Java HotSpot(TM) 64-Bit Server VM
	java.vm.specification.name = Java Virtual Machine Specification
	java.vm.specification.vendor = Oracle Corporation
	java.vm.specification.version = 1.8
	java.vm.vendor = Oracle Corporation
	java.vm.version = 25.202-b08
	javax.management.builder.initial = org.jboss.as.jmx.PluggableMBeanServerBuilder
	jboss.home.dir = C:\workspaceKeyclock\keycloak-16.1.0
	jboss.host.name = nbqfc-jhs9qj3
	jboss.modules.dir = C:\workspaceKeyclock\keycloak-16.1.0\modules
	jboss.modules.system.pkgs = org.jboss.byteman
	jboss.node.name = nbqfc-jhs9qj3
	jboss.qualified.host.name = nbqfc-jhs9qj3
	jboss.server.base.dir = C:\workspaceKeyclock\keycloak-16.1.0\standalone
	jboss.server.config.dir = C:\workspaceKeyclock\keycloak-16.1.0\standalone\configuration
	jboss.server.data.dir = C:\workspaceKeyclock\keycloak-16.1.0\standalone\data
	jboss.server.deploy.dir = C:\workspaceKeyclock\keycloak-16.1.0\standalone\data\content
	jboss.server.log.dir = C:\workspaceKeyclock\keycloak-16.1.0\standalone\log
	jboss.server.name = nbqfc-jhs9qj3
	jboss.server.persist.config = true
	jboss.server.temp.dir = C:\workspaceKeyclock\keycloak-16.1.0\standalone\tmp
	line.separator = 

	logging.configuration = file:C:\workspaceKeyclock\keycloak-16.1.0\standalone\configuration/logging.properties
	module.path = C:\workspaceKeyclock\keycloak-16.1.0\modules
	org.jboss.boot.log.file = C:\workspaceKeyclock\keycloak-16.1.0\standalone\log\server.log
	org.jboss.resolver.warning = true
	os.arch = amd64
	os.name = Windows 10
	os.version = 10.0
	path.separator = ;
	program.name = standalone.bat
	sun.arch.data.model = 64
	sun.boot.class.path = C:\Program Files\Java\jdk1.8.0_202\jre\lib\resources.jar;C:\Program Files\Java\jdk1.8.0_202\jre\lib\rt.jar;C:\Program Files\Java\jdk1.8.0_202\jre\lib\sunrsasign.jar;C:\Program Files\Java\jdk1.8.0_202\jre\lib\jsse.jar;C:\Program Files\Java\jdk1.8.0_202\jre\lib\jce.jar;C:\Program Files\Java\jdk1.8.0_202\jre\lib\charsets.jar;C:\Program Files\Java\jdk1.8.0_202\jre\lib\jfr.jar;C:\Program Files\Java\jdk1.8.0_202\jre\classes
	sun.boot.library.path = C:\Program Files\Java\jdk1.8.0_202\jre\bin
	sun.cpu.endian = little
	sun.cpu.isalist = amd64
	sun.desktop = windows
	sun.io.unicode.encoding = UnicodeLittle
	sun.java.command = C:\workspaceKeyclock\keycloak-16.1.0\jboss-modules.jar -mp C:\workspaceKeyclock\keycloak-16.1.0\modules org.jboss.as.standalone -Djboss.home.dir=C:\workspaceKeyclock\keycloak-16.1.0
	sun.java.launcher = SUN_STANDARD
	sun.jnu.encoding = Cp1252
	sun.management.compiler = HotSpot 64-Bit Tiered Compilers
	sun.os.patch.level = 
	sun.stderr.encoding = cp850
	sun.stdout.encoding = cp850
	user.country = BR
	user.dir = C:\workspaceKeyclock\keycloak-16.1.0\bin
	user.home = C:\Users\elti.lopes
	user.language = pt
	user.name = elti.lopes
	user.script = 
	user.timezone = America/Sao_Paulo
	user.variant = 
2022-01-24 16:39:11,807 DEBUG [org.jboss.as.config] (MSC service thread 1-2) VM Arguments: -Dprogram.name=standalone.bat -Xms64M -Xmx512M -XX:MetaspaceSize=96M -XX:MaxMetaspaceSize=256m -Djava.net.preferIPv4Stack=true -Djboss.modules.system.pkgs=org.jboss.byteman -Djava.awt.headless=true -Dorg.jboss.boot.log.file=C:\workspaceKeyclock\keycloak-16.1.0\standalone\log\server.log -Dlogging.configuration=file:C:\workspaceKeyclock\keycloak-16.1.0\standalone\configuration/logging.properties 
2022-01-24 16:39:13,593 INFO  [org.wildfly.security] (ServerService Thread Pool -- 19) ELY00001: WildFly Elytron version 1.18.1.Final
2022-01-24 16:39:15,869 INFO  [org.jboss.as.server] (Controller Boot Thread) WFLYSRV0039: Creating http management service using socket-binding (management-http)
2022-01-24 16:39:15,885 INFO  [org.xnio] (MSC service thread 1-3) XNIO version 3.8.5.Final
2022-01-24 16:39:15,891 INFO  [org.xnio.nio] (MSC service thread 1-3) XNIO NIO Implementation Version 3.8.5.Final
2022-01-24 16:39:15,919 INFO  [org.jboss.as.clustering.infinispan] (ServerService Thread Pool -- 36) WFLYCLINF0001: Activating Infinispan subsystem.
2022-01-24 16:39:15,917 INFO  [org.jboss.as.jaxrs] (ServerService Thread Pool -- 38) WFLYRS0016: RESTEasy version 4.7.4.Final
2022-01-24 16:39:15,928 INFO  [org.jboss.as.naming] (ServerService Thread Pool -- 45) WFLYNAM0001: Activating Naming Subsystem
2022-01-24 16:39:15,940 WARN  [org.jboss.as.txn] (ServerService Thread Pool -- 49) WFLYTX0013: The node-identifier attribute on the /subsystem=transactions is set to the default value. This is a danger for environments running multiple servers. Please make sure the attribute value is unique.
2022-01-24 16:39:15,956 INFO  [org.wildfly.extension.health] (ServerService Thread Pool -- 35) WFLYHEALTH0001: Activating Base Health Subsystem
2022-01-24 16:39:15,968 INFO  [org.wildfly.extension.metrics] (ServerService Thread Pool -- 44) WFLYMETRICS0001: Activating Base Metrics Subsystem
2022-01-24 16:39:16,000 INFO  [org.jboss.as.connector] (MSC service thread 1-5) WFLYJCA0009: Starting Jakarta Connectors Subsystem (WildFly/IronJacamar 1.5.3.Final)
2022-01-24 16:39:16,020 INFO  [org.wildfly.extension.undertow] (MSC service thread 1-5) WFLYUT0003: Undertow 2.2.14.Final starting
2022-01-24 16:39:16,044 INFO  [org.wildfly.extension.io] (ServerService Thread Pool -- 37) WFLYIO001: Worker 'default' has auto-configured to 16 IO threads with 128 max task threads based on your 8 available processors
2022-01-24 16:39:16,059 INFO  [org.jboss.as.naming] (MSC service thread 1-2) WFLYNAM0003: Starting Naming Service
2022-01-24 16:39:16,061 INFO  [org.jboss.as.mail.extension] (MSC service thread 1-2) WFLYMAIL0001: Bound mail session [java:jboss/mail/Default]
2022-01-24 16:39:16,066 INFO  [org.jboss.as.connector.subsystems.datasources] (ServerService Thread Pool -- 30) WFLYJCA0004: Deploying JDBC-compliant driver class org.h2.Driver (version 1.4)
2022-01-24 16:39:16,082 WARN  [org.wildfly.clustering.web.undertow] (ServerService Thread Pool -- 50) WFLYCLWEBUT0007: No routing provider found for default-server; using legacy provider based on static configuration
2022-01-24 16:39:16,150 INFO  [org.jboss.as.connector.deployers.jdbc] (MSC service thread 1-2) WFLYJCA0018: Started Driver service with driver-name = h2
2022-01-24 16:39:16,187 WARN  [org.wildfly.extension.elytron] (MSC service thread 1-5) WFLYELY00023: KeyStore file 'C:\workspaceKeyclock\keycloak-16.1.0\standalone\configuration\application.keystore' does not exist. Used blank.
2022-01-24 16:39:16,223 INFO  [org.wildfly.extension.undertow] (ServerService Thread Pool -- 50) WFLYUT0014: Creating file handler for path 'C:\workspaceKeyclock\keycloak-16.1.0/welcome-content' with options [directory-listing: 'false', follow-symlink: 'false', case-sensitive: 'true', safe-symlink-paths: '[]']
2022-01-24 16:39:16,225 INFO  [org.jboss.remoting] (MSC service thread 1-8) JBoss Remoting version 5.0.23.Final
2022-01-24 16:39:16,231 WARN  [org.wildfly.extension.elytron] (MSC service thread 1-3) WFLYELY01084: KeyStore C:\workspaceKeyclock\keycloak-16.1.0\standalone\configuration\application.keystore not found, it will be auto generated on first use with a self-signed certificate for host localhost
2022-01-24 16:39:16,282 INFO  [org.jboss.as.ejb3] (MSC service thread 1-6) WFLYEJB0482: Strict pool mdb-strict-max-pool is using a max instance size of 32 (per class), which is derived from the number of CPUs on this host.
2022-01-24 16:39:16,284 INFO  [org.jboss.as.ejb3] (MSC service thread 1-3) WFLYEJB0481: Strict pool slsb-strict-max-pool is using a max instance size of 128 (per class), which is derived from thread worker pool sizing.
2022-01-24 16:39:16,298 INFO  [org.wildfly.extension.undertow] (MSC service thread 1-2) WFLYUT0012: Started server default-server.
2022-01-24 16:39:16,304 INFO  [org.wildfly.extension.undertow] (MSC service thread 1-2) Queuing requests.
2022-01-24 16:39:16,306 INFO  [org.wildfly.extension.undertow] (MSC service thread 1-2) WFLYUT0018: Host default-host starting
2022-01-24 16:39:16,788 INFO  [org.wildfly.extension.undertow] (MSC service thread 1-2) WFLYUT0006: Undertow HTTP listener default listening on 127.0.0.1:8080
2022-01-24 16:39:16,837 INFO  [org.jboss.as.ejb3] (MSC service thread 1-7) WFLYEJB0493: Jakarta Enterprise Beans subsystem suspension complete
2022-01-24 16:39:16,904 INFO  [org.jboss.as.connector.subsystems.datasources] (MSC service thread 1-6) WFLYJCA0001: Bound data source [java:jboss/datasources/ExampleDS]
2022-01-24 16:39:16,904 INFO  [org.jboss.as.connector.subsystems.datasources] (MSC service thread 1-7) WFLYJCA0001: Bound data source [java:jboss/datasources/KeycloakDS]
2022-01-24 16:39:17,029 INFO  [org.wildfly.extension.undertow] (MSC service thread 1-7) WFLYUT0006: Undertow HTTPS listener https listening on 127.0.0.1:8443
2022-01-24 16:39:18,290 INFO  [org.jboss.as.patching] (MSC service thread 1-6) WFLYPAT0050: Keycloak cumulative patch ID is: base, one-off patches include: none
2022-01-24 16:39:18,292 INFO  [org.jboss.as.server.deployment.scanner] (MSC service thread 1-4) WFLYDS0013: Started FileSystemDeploymentService for directory C:\workspaceKeyclock\keycloak-16.1.0\standalone\deployments
2022-01-24 16:39:18,298 INFO  [org.jboss.as.server.deployment] (MSC service thread 1-7) WFLYSRV0027: Starting deployment of "keycloak-server.war" (runtime-name: "keycloak-server.war")
2022-01-24 16:39:18,985 INFO  [org.infinispan.CONTAINER] (ServerService Thread Pool -- 52) ISPN000128: Infinispan version: Infinispan 'Taedonggang' 12.1.7.Final
2022-01-24 16:39:19,018 INFO  [org.infinispan.CONFIG] (MSC service thread 1-3) ISPN000152: Passivation configured without an eviction policy being selected. Only manually evicted entities will be passivated.
2022-01-24 16:39:19,020 INFO  [org.infinispan.CONFIG] (MSC service thread 1-3) ISPN000152: Passivation configured without an eviction policy being selected. Only manually evicted entities will be passivated.
2022-01-24 16:39:19,044 INFO  [org.infinispan.CONTAINER] (ServerService Thread Pool -- 52) ISPN000556: Starting user marshaller 'org.wildfly.clustering.infinispan.marshalling.jboss.JBossMarshaller'
2022-01-24 16:39:19,044 INFO  [org.infinispan.CONTAINER] (ServerService Thread Pool -- 53) ISPN000556: Starting user marshaller 'org.wildfly.clustering.infinispan.spi.marshalling.InfinispanProtoStreamMarshaller'
2022-01-24 16:39:19,227 INFO  [org.jboss.as.clustering.infinispan] (ServerService Thread Pool -- 53) WFLYCLINF0002: Started http-remoting-connector cache from ejb container
2022-01-24 16:39:19,251 INFO  [org.jboss.as.clustering.infinispan] (ServerService Thread Pool -- 55) WFLYCLINF0002: Started loginFailures cache from keycloak container
2022-01-24 16:39:19,251 INFO  [org.jboss.as.clustering.infinispan] (ServerService Thread Pool -- 56) WFLYCLINF0002: Started sessions cache from keycloak container
2022-01-24 16:39:19,251 INFO  [org.jboss.as.clustering.infinispan] (ServerService Thread Pool -- 60) WFLYCLINF0002: Started work cache from keycloak container
2022-01-24 16:39:19,252 INFO  [org.jboss.as.clustering.infinispan] (ServerService Thread Pool -- 54) WFLYCLINF0002: Started authenticationSessions cache from keycloak container
2022-01-24 16:39:19,253 INFO  [org.jboss.as.clustering.infinispan] (ServerService Thread Pool -- 58) WFLYCLINF0002: Started offlineSessions cache from keycloak container
2022-01-24 16:39:19,253 INFO  [org.jboss.as.clustering.infinispan] (ServerService Thread Pool -- 53) WFLYCLINF0002: Started clientSessions cache from keycloak container
2022-01-24 16:39:19,253 INFO  [org.jboss.as.clustering.infinispan] (ServerService Thread Pool -- 61) WFLYCLINF0002: Started actionTokens cache from keycloak container
2022-01-24 16:39:19,254 INFO  [org.jboss.as.clustering.infinispan] (ServerService Thread Pool -- 57) WFLYCLINF0002: Started offlineClientSessions cache from keycloak container
2022-01-24 16:39:19,286 INFO  [org.jboss.as.clustering.infinispan] (ServerService Thread Pool -- 63) WFLYCLINF0002: Started users cache from keycloak container
2022-01-24 16:39:19,286 INFO  [org.jboss.as.clustering.infinispan] (ServerService Thread Pool -- 62) WFLYCLINF0002: Started realms cache from keycloak container
2022-01-24 16:39:19,286 INFO  [org.jboss.as.clustering.infinispan] (ServerService Thread Pool -- 59) WFLYCLINF0002: Started authorization cache from keycloak container
2022-01-24 16:39:19,286 INFO  [org.jboss.as.clustering.infinispan] (ServerService Thread Pool -- 64) WFLYCLINF0002: Started keys cache from keycloak container
2022-01-24 16:39:20,387 WARN  [org.jboss.as.server.deployment] (MSC service thread 1-6) WFLYSRV0273: Excluded subsystem webservices via jboss-deployment-structure.xml does not exist.
2022-01-24 16:39:20,609 INFO  [org.keycloak.services] (ServerService Thread Pool -- 64) KC-SERVICES0001: Loading config from standalone.xml or domain.xml
2022-01-24 16:39:21,313 INFO  [org.keycloak.url.DefaultHostnameProviderFactory] (ServerService Thread Pool -- 64) Frontend: <request>, Admin: <frontend>, Backend: <request>
2022-01-24 16:39:21,450 INFO  [org.jboss.as.clustering.infinispan] (ServerService Thread Pool -- 64) WFLYCLINF0002: Started realmRevisions cache from keycloak container
2022-01-24 16:39:21,458 INFO  [org.jboss.as.clustering.infinispan] (ServerService Thread Pool -- 64) WFLYCLINF0002: Started userRevisions cache from keycloak container
2022-01-24 16:39:21,465 INFO  [org.jboss.as.clustering.infinispan] (ServerService Thread Pool -- 64) WFLYCLINF0002: Started authorizationRevisions cache from keycloak container
2022-01-24 16:39:21,466 INFO  [org.keycloak.connections.infinispan.DefaultInfinispanConnectionProviderFactory] (ServerService Thread Pool -- 64) Node name: nbqfc-jhs9qj3, Site name: null
2022-01-24 16:39:22,425 INFO  [org.keycloak.connections.jpa.DefaultJpaConnectionProviderFactory] (ServerService Thread Pool -- 64) Database info: {databaseUrl=jdbc:h2:C:\workspaceKeyclock\keycloak-16.1.0\standalone\data/keycloak, databaseUser=SA, databaseProduct=H2 1.4.197 (2018-03-18), databaseDriver=H2 JDBC Driver 1.4.197 (2018-03-18)}
2022-01-24 16:39:23,788 INFO  [org.keycloak.connections.jpa.updater.liquibase.LiquibaseJpaUpdaterProvider] (ServerService Thread Pool -- 64) Initializing database schema. Using changelog META-INF/jpa-changelog-master.xml
2022-01-24 16:39:25,316 INFO  [org.hibernate.jpa.internal.util.LogHelper] (ServerService Thread Pool -- 64) HHH000204: Processing PersistenceUnitInfo [
	name: keycloak-default
	...]
2022-01-24 16:39:25,370 INFO  [org.hibernate.Version] (ServerService Thread Pool -- 64) HHH000412: Hibernate Core {5.3.24.Final}
2022-01-24 16:39:25,372 INFO  [org.hibernate.cfg.Environment] (ServerService Thread Pool -- 64) HHH000206: hibernate.properties not found
2022-01-24 16:39:25,559 INFO  [org.hibernate.annotations.common.Version] (ServerService Thread Pool -- 64) HCANN000001: Hibernate Commons Annotations {5.0.5.Final}
2022-01-24 16:39:25,702 INFO  [org.hibernate.dialect.Dialect] (ServerService Thread Pool -- 64) HHH000400: Using dialect: org.hibernate.dialect.H2Dialect
2022-01-24 16:39:25,740 INFO  [org.hibernate.envers.boot.internal.EnversServiceImpl] (ServerService Thread Pool -- 64) Envers integration enabled? : true
2022-01-24 16:39:25,950 INFO  [org.hibernate.orm.beans] (ServerService Thread Pool -- 64) HHH10005002: No explicit CDI BeanManager reference was passed to Hibernate, but CDI is available on the Hibernate ClassLoader.
2022-01-24 16:39:26,122 INFO  [org.hibernate.validator.internal.util.Version] (ServerService Thread Pool -- 64) HV000001: Hibernate Validator 6.0.22.Final
2022-01-24 16:39:27,007 INFO  [org.hibernate.hql.internal.QueryTranslatorFactoryInitiator] (ServerService Thread Pool -- 64) HHH000397: Using ASTQueryTranslatorFactory
2022-01-24 16:39:27,404 INFO  [org.keycloak.services] (ServerService Thread Pool -- 64) KC-SERVICES0050: Initializing master realm
2022-01-24 16:39:29,382 INFO  [org.jboss.resteasy.resteasy_jaxrs.i18n] (ServerService Thread Pool -- 64) RESTEASY002225: Deploying javax.ws.rs.core.Application: class org.keycloak.services.resources.KeycloakApplication
2022-01-24 16:39:29,384 INFO  [org.jboss.resteasy.resteasy_jaxrs.i18n] (ServerService Thread Pool -- 64) RESTEASY002200: Adding class resource org.keycloak.services.resources.JsResource from Application class org.keycloak.services.resources.KeycloakApplication
2022-01-24 16:39:29,385 INFO  [org.jboss.resteasy.resteasy_jaxrs.i18n] (ServerService Thread Pool -- 64) RESTEASY002200: Adding class resource org.keycloak.services.resources.ThemeResource from Application class org.keycloak.services.resources.KeycloakApplication
2022-01-24 16:39:29,388 INFO  [org.jboss.resteasy.resteasy_jaxrs.i18n] (ServerService Thread Pool -- 64) RESTEASY002205: Adding provider class org.keycloak.services.filters.KeycloakSecurityHeadersFilter from Application class org.keycloak.services.resources.KeycloakApplication
2022-01-24 16:39:29,388 INFO  [org.jboss.resteasy.resteasy_jaxrs.i18n] (ServerService Thread Pool -- 64) RESTEASY002205: Adding provider class org.keycloak.services.error.KeycloakErrorHandler from Application class org.keycloak.services.resources.KeycloakApplication
2022-01-24 16:39:29,389 INFO  [org.jboss.resteasy.resteasy_jaxrs.i18n] (ServerService Thread Pool -- 64) RESTEASY002220: Adding singleton resource org.keycloak.services.resources.WelcomeResource from Application class org.keycloak.services.resources.KeycloakApplication
2022-01-24 16:39:29,389 INFO  [org.jboss.resteasy.resteasy_jaxrs.i18n] (ServerService Thread Pool -- 64) RESTEASY002210: Adding provider singleton org.keycloak.services.util.ObjectMapperResolver from Application class org.keycloak.services.resources.KeycloakApplication
2022-01-24 16:39:29,390 INFO  [org.jboss.resteasy.resteasy_jaxrs.i18n] (ServerService Thread Pool -- 64) RESTEASY002220: Adding singleton resource org.keycloak.services.resources.RobotsResource from Application class org.keycloak.services.resources.KeycloakApplication
2022-01-24 16:39:29,390 INFO  [org.jboss.resteasy.resteasy_jaxrs.i18n] (ServerService Thread Pool -- 64) RESTEASY002220: Adding singleton resource org.keycloak.services.resources.RealmsResource from Application class org.keycloak.services.resources.KeycloakApplication
2022-01-24 16:39:29,391 INFO  [org.jboss.resteasy.resteasy_jaxrs.i18n] (ServerService Thread Pool -- 64) RESTEASY002220: Adding singleton resource org.keycloak.services.resources.admin.AdminRoot from Application class org.keycloak.services.resources.KeycloakApplication
2022-01-24 16:39:29,517 INFO  [org.wildfly.extension.undertow] (ServerService Thread Pool -- 64) WFLYUT0021: Registered web context: '/auth' for server 'default-server'
2022-01-24 16:39:29,581 INFO  [org.jboss.as.server] (ServerService Thread Pool -- 42) WFLYSRV0010: Deployed "keycloak-server.war" (runtime-name : "keycloak-server.war")
2022-01-24 16:39:29,639 INFO  [org.jboss.as.server] (Controller Boot Thread) WFLYSRV0212: Resuming server
2022-01-24 16:39:29,642 INFO  [org.jboss.as] (Controller Boot Thread) WFLYSRV0025: Keycloak 16.1.0 (WildFly Core 18.0.0.Final) started in 20222ms - Started 573 of 851 services (576 services are lazy, passive or on-demand)
2022-01-24 16:39:29,646 INFO  [org.jboss.as] (Controller Boot Thread) WFLYSRV0060: Http management interface listening on http://127.0.0.1:9990/management
2022-01-24 16:39:29,647 INFO  [org.jboss.as] (Controller Boot Thread) WFLYSRV0051: Admin console listening on http://127.0.0.1:9990
2022-01-24 16:40:18,576 INFO  [org.keycloak.services] (default task-1) KC-SERVICES0077: Created initial admin user with username admin
2022-01-24 16:42:08,762 WARN  [org.keycloak.events] (default task-6) type=LOGIN_ERROR, realmId=teste, clientId=security-admin-console, userId=null, ipAddress=127.0.0.1, error=invalid_redirect_uri, redirect_uri=http://localhost:8080/auth/admin/master/console/#/realms/teste
2022-01-24 16:46:06,508 WARN  [org.keycloak.events] (default task-8) type=LOGIN_ERROR, realmId=teste, clientId=null, userId=null, ipAddress=127.0.0.1, error=invalid_request
2022-01-24 16:46:23,948 WARN  [org.keycloak.events] (default task-8) type=USER_INFO_REQUEST_ERROR, realmId=teste, clientId=null, userId=null, ipAddress=127.0.0.1, error=invalid_token, auth_method=validate_access_token
2022-01-24 16:46:58,268 WARN  [org.keycloak.events] (default task-7) type=LOGIN_ERROR, realmId=teste, clientId=account-console, userId=null, ipAddress=127.0.0.1, error=user_not_found, auth_method=openid-connect, auth_type=code, redirect_uri=http://localhost:8080/auth/realms/teste/account/#/, code_id=caa1a8f9-ad6b-4eea-88d2-ae5e12106d29, username=admin, authSessionParentId=caa1a8f9-ad6b-4eea-88d2-ae5e12106d29, authSessionTabId=3cWCtPlmnwo
2022-01-24 16:52:21,752 WARN  [org.keycloak.events] (default task-13) type=LOGIN_ERROR, realmId=teste, clientId=null, userId=null, ipAddress=127.0.0.1, error=invalid_request
2022-01-24 16:52:40,166 WARN  [org.keycloak.events] (default task-13) type=LOGIN_ERROR, realmId=teste, clientId=null, userId=null, ipAddress=127.0.0.1, error=invalid_request
2022-01-24 16:53:02,780 WARN  [org.keycloak.events] (default task-10) type=LOGIN_ERROR, realmId=teste, clientId=null, userId=null, ipAddress=127.0.0.1, error=invalid_request
2022-01-24 17:02:07,699 WARN  [org.keycloak.events] (default task-21) type=LOGIN_ERROR, realmId=teste, clientId=security-admin-console, userId=null, ipAddress=127.0.0.1, error=invalid_redirect_uri, redirect_uri=http://localhost:8080/auth/admin/master/console/#/realms/teste/users/e4ec283f-726f-43a2-a31d-d91f2c3eb9d5/user-credentials
2022-01-24 17:03:43,270 WARN  [org.keycloak.events] (default task-22) type=LOGIN_ERROR, realmId=teste, clientId=account-console, userId=null, ipAddress=127.0.0.1, error=user_not_found, auth_method=openid-connect, auth_type=code, redirect_uri=http://localhost:8080/auth/realms/teste/account/#/, code_id=caa1a8f9-ad6b-4eea-88d2-ae5e12106d29, username=admin, authSessionParentId=caa1a8f9-ad6b-4eea-88d2-ae5e12106d29, authSessionTabId=3-fZX1njOqw
2022-01-24 17:06:12,869 WARN  [org.keycloak.events] (default task-23) type=LOGIN_ERROR, realmId=teste, clientId=null, userId=null, ipAddress=127.0.0.1, error=invalid_request
2022-01-24 17:44:14,730 INFO  [org.jboss.modules] (main) JBoss Modules version 2.0.0.Final
2022-01-24 17:44:15,076 INFO  [org.jboss.msc] (main) JBoss MSC version 1.4.13.Final
2022-01-24 17:44:15,083 INFO  [org.jboss.threads] (main) JBoss Threads version 2.4.0.Final
2022-01-24 17:44:15,182 INFO  [org.jboss.as] (MSC service thread 1-2) WFLYSRV0049: Keycloak 16.1.0 (WildFly Core 18.0.0.Final) starting
2022-01-24 17:44:15,184 DEBUG [org.jboss.as.config] (MSC service thread 1-2) Configured system properties:
	awt.toolkit = sun.awt.windows.WToolkit
	file.encoding = Cp1252
	file.encoding.pkg = sun.io
	file.separator = \
	java.awt.graphicsenv = sun.awt.Win32GraphicsEnvironment
	java.awt.headless = true
	java.awt.printerjob = sun.awt.windows.WPrinterJob
	java.class.path = C:\workspaceKeyclock\keycloak-16.1.0\jboss-modules.jar
	java.class.version = 52.0
	java.endorsed.dirs = C:\Program Files\Java\jdk1.8.0_202\jre\lib\endorsed
	java.ext.dirs = C:\Program Files\Java\jdk1.8.0_202\jre\lib\ext;C:\WINDOWS\Sun\Java\lib\ext
	java.home = C:\Program Files\Java\jdk1.8.0_202\jre
	java.io.tmpdir = C:\Users\ELTI~1.LOP\AppData\Local\Temp\
	java.library.path = C:\Program Files\Java\jdk1.8.0_202\bin;C:\WINDOWS\Sun\Java\bin;C:\WINDOWS\system32;C:\WINDOWS;C:\Program Files (x86)\Common Files\Oracle\Java\javapath;C:\WINDOWS\system32;C:\WINDOWS;C:\WINDOWS\System32\Wbem;C:\WINDOWS\System32\WindowsPowerShell\v1.0\;C:\WINDOWS\System32\OpenSSH\;C:\Program Files\Git\cmd;C:\workspaceReactSpring\apache-maven-3.8.4\bin;C:\ProgramData\chocolatey\bin;C:\Users\Elton Lopes\AppData\Roaming\nvm;C:\Program Files\nodejs;C:\Users\Elton Lopes\AppData\Local\Programs\Microsoft VS Code\bin;C:\Users\Elton Lopes\AppData\Local\Android\Sdk\platform-tools;C:\Program Files\Java\jdk1.8.0_202\bin;C:\gradle\gradle-7.3.2\bin;C:\Users\elti.lopes\AppData\Local\Android\Sdk\tools;C:\Users\elti.lopes\AppData\Local\Android\Sdk\tools\bin;C:\Users\elti.lopes\AppData\Local\Android\Sdk\platform-tools;C:\Users\elti.lopes\AppData\Local\Android\Sdk\emulator;%ANDROID_SDK_ROOT%\tools;%ANDROID_SDK_ROOT%\tools\bin;%ANDROID_SDK_ROOT%\platform-tools;C:\Users\elti.lopes\AppData\Local\Android\Sdk\emulator;C:\Program Files\Docker\Docker\resources\bin;C:\ProgramData\DockerDesktop\version-bin;C:\Users\elti.lopes\AppData\Local\Microsoft\WindowsApps;C:\Program Files\JetBrains\IntelliJ IDEA 2021.3\bin;;C:\Users\elti.lopes\AppData\Local\Programs\Microsoft VS Code\bin;C:\Users\Elton Lopes\AppData\Roaming\nvm;C:\Program Files\nodejs;.
	java.net.preferIPv4Stack = true
	java.runtime.name = Java(TM) SE Runtime Environment
	java.runtime.version = 1.8.0_202-b08
	java.specification.name = Java Platform API Specification
	java.specification.vendor = Oracle Corporation
	java.specification.version = 1.8
	java.util.logging.manager = org.jboss.logmanager.LogManager
	java.vendor = Oracle Corporation
	java.vendor.url = http://java.oracle.com/
	java.vendor.url.bug = http://bugreport.sun.com/bugreport/
	java.version = 1.8.0_202
	java.vm.info = mixed mode
	java.vm.name = Java HotSpot(TM) 64-Bit Server VM
	java.vm.specification.name = Java Virtual Machine Specification
	java.vm.specification.vendor = Oracle Corporation
	java.vm.specification.version = 1.8
	java.vm.vendor = Oracle Corporation
	java.vm.version = 25.202-b08
	javax.management.builder.initial = org.jboss.as.jmx.PluggableMBeanServerBuilder
	jboss.home.dir = C:\workspaceKeyclock\keycloak-16.1.0
	jboss.host.name = nbqfc-jhs9qj3
	jboss.modules.dir = C:\workspaceKeyclock\keycloak-16.1.0\modules
	jboss.modules.system.pkgs = org.jboss.byteman
	jboss.node.name = nbqfc-jhs9qj3
	jboss.qualified.host.name = nbqfc-jhs9qj3
	jboss.server.base.dir = C:\workspaceKeyclock\keycloak-16.1.0\standalone
	jboss.server.config.dir = C:\workspaceKeyclock\keycloak-16.1.0\standalone\configuration
	jboss.server.data.dir = C:\workspaceKeyclock\keycloak-16.1.0\standalone\data
	jboss.server.deploy.dir = C:\workspaceKeyclock\keycloak-16.1.0\standalone\data\content
	jboss.server.log.dir = C:\workspaceKeyclock\keycloak-16.1.0\standalone\log
	jboss.server.name = nbqfc-jhs9qj3
	jboss.server.persist.config = true
	jboss.server.temp.dir = C:\workspaceKeyclock\keycloak-16.1.0\standalone\tmp
	line.separator = 

	logging.configuration = file:C:\workspaceKeyclock\keycloak-16.1.0\standalone\configuration/logging.properties
	module.path = C:\workspaceKeyclock\keycloak-16.1.0\modules
	org.jboss.boot.log.file = C:\workspaceKeyclock\keycloak-16.1.0\standalone\log\server.log
	org.jboss.resolver.warning = true
	os.arch = amd64
	os.name = Windows 10
	os.version = 10.0
	path.separator = ;
	program.name = standalone.bat
	sun.arch.data.model = 64
	sun.boot.class.path = C:\Program Files\Java\jdk1.8.0_202\jre\lib\resources.jar;C:\Program Files\Java\jdk1.8.0_202\jre\lib\rt.jar;C:\Program Files\Java\jdk1.8.0_202\jre\lib\sunrsasign.jar;C:\Program Files\Java\jdk1.8.0_202\jre\lib\jsse.jar;C:\Program Files\Java\jdk1.8.0_202\jre\lib\jce.jar;C:\Program Files\Java\jdk1.8.0_202\jre\lib\charsets.jar;C:\Program Files\Java\jdk1.8.0_202\jre\lib\jfr.jar;C:\Program Files\Java\jdk1.8.0_202\jre\classes
	sun.boot.library.path = C:\Program Files\Java\jdk1.8.0_202\jre\bin
	sun.cpu.endian = little
	sun.cpu.isalist = amd64
	sun.desktop = windows
	sun.io.unicode.encoding = UnicodeLittle
	sun.java.command = C:\workspaceKeyclock\keycloak-16.1.0\jboss-modules.jar -mp C:\workspaceKeyclock\keycloak-16.1.0\modules org.jboss.as.standalone -Djboss.home.dir=C:\workspaceKeyclock\keycloak-16.1.0
	sun.java.launcher = SUN_STANDARD
	sun.jnu.encoding = Cp1252
	sun.management.compiler = HotSpot 64-Bit Tiered Compilers
	sun.os.patch.level = 
	sun.stderr.encoding = cp850
	sun.stdout.encoding = cp850
	user.country = BR
	user.dir = C:\workspaceKeyclock\keycloak-16.1.0\bin
	user.home = C:\Users\elti.lopes
	user.language = pt
	user.name = elti.lopes
	user.script = 
	user.timezone = America/Sao_Paulo
	user.variant = 
2022-01-24 17:44:15,184 DEBUG [org.jboss.as.config] (MSC service thread 1-2) VM Arguments: -Dprogram.name=standalone.bat -Xms64M -Xmx512M -XX:MetaspaceSize=96M -XX:MaxMetaspaceSize=256m -Djava.net.preferIPv4Stack=true -Djboss.modules.system.pkgs=org.jboss.byteman -Djava.awt.headless=true -Dorg.jboss.boot.log.file=C:\workspaceKeyclock\keycloak-16.1.0\standalone\log\server.log -Dlogging.configuration=file:C:\workspaceKeyclock\keycloak-16.1.0\standalone\configuration/logging.properties 
2022-01-24 17:44:15,838 INFO  [org.wildfly.security] (ServerService Thread Pool -- 18) ELY00001: WildFly Elytron version 1.18.1.Final
2022-01-24 17:44:16,396 INFO  [org.jboss.as.server] (Controller Boot Thread) WFLYSRV0039: Creating http management service using socket-binding (management-http)
2022-01-24 17:44:16,416 INFO  [org.xnio] (MSC service thread 1-4) XNIO version 3.8.5.Final
2022-01-24 17:44:16,426 INFO  [org.xnio.nio] (MSC service thread 1-4) XNIO NIO Implementation Version 3.8.5.Final
2022-01-24 17:44:16,452 INFO  [org.jboss.as.jaxrs] (ServerService Thread Pool -- 38) WFLYRS0016: RESTEasy version 4.7.4.Final
2022-01-24 17:44:16,455 INFO  [org.wildfly.extension.health] (ServerService Thread Pool -- 35) WFLYHEALTH0001: Activating Base Health Subsystem
2022-01-24 17:44:16,483 WARN  [org.jboss.as.txn] (ServerService Thread Pool -- 49) WFLYTX0013: The node-identifier attribute on the /subsystem=transactions is set to the default value. This is a danger for environments running multiple servers. Please make sure the attribute value is unique.
2022-01-24 17:44:16,499 INFO  [org.jboss.as.naming] (ServerService Thread Pool -- 45) WFLYNAM0001: Activating Naming Subsystem
2022-01-24 17:44:16,501 INFO  [org.jboss.as.clustering.infinispan] (ServerService Thread Pool -- 36) WFLYCLINF0001: Activating Infinispan subsystem.
2022-01-24 17:44:16,507 INFO  [org.wildfly.extension.metrics] (ServerService Thread Pool -- 44) WFLYMETRICS0001: Activating Base Metrics Subsystem
2022-01-24 17:44:16,510 INFO  [org.jboss.as.connector] (MSC service thread 1-1) WFLYJCA0009: Starting Jakarta Connectors Subsystem (WildFly/IronJacamar 1.5.3.Final)
2022-01-24 17:44:16,550 INFO  [org.jboss.as.connector.subsystems.datasources] (ServerService Thread Pool -- 30) WFLYJCA0004: Deploying JDBC-compliant driver class org.h2.Driver (version 1.4)
2022-01-24 17:44:16,554 INFO  [org.wildfly.extension.undertow] (MSC service thread 1-2) WFLYUT0003: Undertow 2.2.14.Final starting
2022-01-24 17:44:16,572 INFO  [org.jboss.as.connector.deployers.jdbc] (MSC service thread 1-1) WFLYJCA0018: Started Driver service with driver-name = h2
2022-01-24 17:44:16,581 INFO  [org.jboss.as.naming] (MSC service thread 1-1) WFLYNAM0003: Starting Naming Service
2022-01-24 17:44:16,581 INFO  [org.jboss.as.mail.extension] (MSC service thread 1-2) WFLYMAIL0001: Bound mail session [java:jboss/mail/Default]
2022-01-24 17:44:16,581 WARN  [org.wildfly.clustering.web.undertow] (ServerService Thread Pool -- 50) WFLYCLWEBUT0007: No routing provider found for default-server; using legacy provider based on static configuration
2022-01-24 17:44:16,662 WARN  [org.wildfly.extension.elytron] (MSC service thread 1-2) WFLYELY00023: KeyStore file 'C:\workspaceKeyclock\keycloak-16.1.0\standalone\configuration\application.keystore' does not exist. Used blank.
2022-01-24 17:44:16,681 INFO  [org.wildfly.extension.undertow] (ServerService Thread Pool -- 50) WFLYUT0014: Creating file handler for path 'C:\workspaceKeyclock\keycloak-16.1.0/welcome-content' with options [directory-listing: 'false', follow-symlink: 'false', case-sensitive: 'true', safe-symlink-paths: '[]']
2022-01-24 17:44:16,694 WARN  [org.wildfly.extension.elytron] (MSC service thread 1-1) WFLYELY01084: KeyStore C:\workspaceKeyclock\keycloak-16.1.0\standalone\configuration\application.keystore not found, it will be auto generated on first use with a self-signed certificate for host localhost
2022-01-24 17:44:17,542 INFO  [org.wildfly.extension.io] (ServerService Thread Pool -- 37) WFLYIO001: Worker 'default' has auto-configured to 16 IO threads with 128 max task threads based on your 8 available processors
2022-01-24 17:44:17,545 INFO  [org.jboss.as.ejb3] (MSC service thread 1-8) WFLYEJB0482: Strict pool mdb-strict-max-pool is using a max instance size of 32 (per class), which is derived from the number of CPUs on this host.
2022-01-24 17:44:17,545 INFO  [org.jboss.as.ejb3] (MSC service thread 1-2) WFLYEJB0481: Strict pool slsb-strict-max-pool is using a max instance size of 128 (per class), which is derived from thread worker pool sizing.
2022-01-24 17:44:17,577 INFO  [org.wildfly.extension.undertow] (MSC service thread 1-5) WFLYUT0012: Started server default-server.
2022-01-24 17:44:17,580 INFO  [org.wildfly.extension.undertow] (MSC service thread 1-2) Queuing requests.
2022-01-24 17:44:17,580 INFO  [org.wildfly.extension.undertow] (MSC service thread 1-2) WFLYUT0018: Host default-host starting
2022-01-24 17:44:17,580 INFO  [org.jboss.remoting] (MSC service thread 1-4) JBoss Remoting version 5.0.23.Final
2022-01-24 17:44:17,586 INFO  [org.jboss.as.patching] (MSC service thread 1-3) WFLYPAT0050: Keycloak cumulative patch ID is: base, one-off patches include: none
2022-01-24 17:44:17,588 INFO  [org.jboss.as.server.deployment.scanner] (MSC service thread 1-3) WFLYDS0013: Started FileSystemDeploymentService for directory C:\workspaceKeyclock\keycloak-16.1.0\standalone\deployments
2022-01-24 17:44:17,601 INFO  [org.jboss.as.server.deployment] (MSC service thread 1-2) WFLYSRV0027: Starting deployment of "keycloak-server.war" (runtime-name: "keycloak-server.war")
2022-01-24 17:44:17,626 INFO  [org.wildfly.extension.undertow] (MSC service thread 1-5) WFLYUT0006: Undertow HTTP listener default listening on 127.0.0.1:8080
2022-01-24 17:44:17,663 INFO  [org.jboss.as.ejb3] (MSC service thread 1-1) WFLYEJB0493: Jakarta Enterprise Beans subsystem suspension complete
2022-01-24 17:44:17,732 INFO  [org.wildfly.extension.undertow] (MSC service thread 1-2) WFLYUT0006: Undertow HTTPS listener https listening on 127.0.0.1:8443
2022-01-24 17:44:17,739 INFO  [org.jboss.as.connector.subsystems.datasources] (MSC service thread 1-1) WFLYJCA0001: Bound data source [java:jboss/datasources/KeycloakDS]
2022-01-24 17:44:17,742 INFO  [org.jboss.as.connector.subsystems.datasources] (MSC service thread 1-5) WFLYJCA0001: Bound data source [java:jboss/datasources/ExampleDS]
2022-01-24 17:44:18,433 INFO  [org.infinispan.CONTAINER] (ServerService Thread Pool -- 52) ISPN000128: Infinispan version: Infinispan 'Taedonggang' 12.1.7.Final
2022-01-24 17:44:18,478 INFO  [org.infinispan.CONFIG] (MSC service thread 1-2) ISPN000152: Passivation configured without an eviction policy being selected. Only manually evicted entities will be passivated.
2022-01-24 17:44:18,482 INFO  [org.infinispan.CONFIG] (MSC service thread 1-2) ISPN000152: Passivation configured without an eviction policy being selected. Only manually evicted entities will be passivated.
2022-01-24 17:44:18,507 INFO  [org.infinispan.CONTAINER] (ServerService Thread Pool -- 52) ISPN000556: Starting user marshaller 'org.wildfly.clustering.infinispan.marshalling.jboss.JBossMarshaller'
2022-01-24 17:44:18,507 INFO  [org.infinispan.CONTAINER] (ServerService Thread Pool -- 53) ISPN000556: Starting user marshaller 'org.wildfly.clustering.infinispan.spi.marshalling.InfinispanProtoStreamMarshaller'
2022-01-24 17:44:18,815 INFO  [org.jboss.as.clustering.infinispan] (ServerService Thread Pool -- 53) WFLYCLINF0002: Started http-remoting-connector cache from ejb container
2022-01-24 17:44:18,849 INFO  [org.jboss.as.clustering.infinispan] (ServerService Thread Pool -- 57) WFLYCLINF0002: Started authenticationSessions cache from keycloak container
2022-01-24 17:44:18,850 INFO  [org.jboss.as.clustering.infinispan] (ServerService Thread Pool -- 61) WFLYCLINF0002: Started work cache from keycloak container
2022-01-24 17:44:18,851 INFO  [org.jboss.as.clustering.infinispan] (ServerService Thread Pool -- 56) WFLYCLINF0002: Started clientSessions cache from keycloak container
2022-01-24 17:44:18,851 INFO  [org.jboss.as.clustering.infinispan] (ServerService Thread Pool -- 59) WFLYCLINF0002: Started loginFailures cache from keycloak container
2022-01-24 17:44:18,851 INFO  [org.jboss.as.clustering.infinispan] (ServerService Thread Pool -- 55) WFLYCLINF0002: Started offlineClientSessions cache from keycloak container
2022-01-24 17:44:18,854 INFO  [org.jboss.as.clustering.infinispan] (ServerService Thread Pool -- 62) WFLYCLINF0002: Started actionTokens cache from keycloak container
2022-01-24 17:44:18,854 INFO  [org.jboss.as.clustering.infinispan] (ServerService Thread Pool -- 58) WFLYCLINF0002: Started offlineSessions cache from keycloak container
2022-01-24 17:44:18,854 INFO  [org.jboss.as.clustering.infinispan] (ServerService Thread Pool -- 54) WFLYCLINF0002: Started sessions cache from keycloak container
2022-01-24 17:44:18,889 INFO  [org.jboss.as.clustering.infinispan] (ServerService Thread Pool -- 52) WFLYCLINF0002: Started keys cache from keycloak container
2022-01-24 17:44:18,889 INFO  [org.jboss.as.clustering.infinispan] (ServerService Thread Pool -- 64) WFLYCLINF0002: Started realms cache from keycloak container
2022-01-24 17:44:18,889 INFO  [org.jboss.as.clustering.infinispan] (ServerService Thread Pool -- 63) WFLYCLINF0002: Started authorization cache from keycloak container
2022-01-24 17:44:18,889 INFO  [org.jboss.as.clustering.infinispan] (ServerService Thread Pool -- 60) WFLYCLINF0002: Started users cache from keycloak container
2022-01-24 17:44:18,995 WARN  [org.jboss.as.server.deployment] (MSC service thread 1-6) WFLYSRV0273: Excluded subsystem webservices via jboss-deployment-structure.xml does not exist.
2022-01-24 17:44:19,394 INFO  [org.keycloak.services] (ServerService Thread Pool -- 53) KC-SERVICES0001: Loading config from standalone.xml or domain.xml
2022-01-24 17:44:19,770 INFO  [org.keycloak.url.DefaultHostnameProviderFactory] (ServerService Thread Pool -- 53) Frontend: <request>, Admin: <frontend>, Backend: <request>
2022-01-24 17:44:19,836 INFO  [org.jboss.as.clustering.infinispan] (ServerService Thread Pool -- 53) WFLYCLINF0002: Started realmRevisions cache from keycloak container
2022-01-24 17:44:19,845 INFO  [org.jboss.as.clustering.infinispan] (ServerService Thread Pool -- 53) WFLYCLINF0002: Started userRevisions cache from keycloak container
2022-01-24 17:44:19,852 INFO  [org.jboss.as.clustering.infinispan] (ServerService Thread Pool -- 53) WFLYCLINF0002: Started authorizationRevisions cache from keycloak container
2022-01-24 17:44:19,853 INFO  [org.keycloak.connections.infinispan.DefaultInfinispanConnectionProviderFactory] (ServerService Thread Pool -- 53) Node name: nbqfc-jhs9qj3, Site name: null
2022-01-24 17:44:25,061 INFO  [org.keycloak.connections.jpa.DefaultJpaConnectionProviderFactory] (ServerService Thread Pool -- 53) Database info: {databaseUrl=jdbc:h2:C:\workspaceKeyclock\keycloak-16.1.0\standalone\data/keycloak, databaseUser=SA, databaseProduct=H2 1.4.197 (2018-03-18), databaseDriver=H2 JDBC Driver 1.4.197 (2018-03-18)}
2022-01-24 17:44:25,997 INFO  [org.hibernate.jpa.internal.util.LogHelper] (ServerService Thread Pool -- 53) HHH000204: Processing PersistenceUnitInfo [
	name: keycloak-default
	...]
2022-01-24 17:44:26,050 INFO  [org.hibernate.Version] (ServerService Thread Pool -- 53) HHH000412: Hibernate Core {5.3.24.Final}
2022-01-24 17:44:26,052 INFO  [org.hibernate.cfg.Environment] (ServerService Thread Pool -- 53) HHH000206: hibernate.properties not found
2022-01-24 17:44:26,190 INFO  [org.hibernate.annotations.common.Version] (ServerService Thread Pool -- 53) HCANN000001: Hibernate Commons Annotations {5.0.5.Final}
2022-01-24 17:44:26,317 INFO  [org.hibernate.dialect.Dialect] (ServerService Thread Pool -- 53) HHH000400: Using dialect: org.hibernate.dialect.H2Dialect
2022-01-24 17:44:26,363 INFO  [org.hibernate.envers.boot.internal.EnversServiceImpl] (ServerService Thread Pool -- 53) Envers integration enabled? : true
2022-01-24 17:44:26,621 INFO  [org.hibernate.orm.beans] (ServerService Thread Pool -- 53) HHH10005002: No explicit CDI BeanManager reference was passed to Hibernate, but CDI is available on the Hibernate ClassLoader.
2022-01-24 17:44:26,846 INFO  [org.hibernate.validator.internal.util.Version] (ServerService Thread Pool -- 53) HV000001: Hibernate Validator 6.0.22.Final
2022-01-24 17:44:28,014 INFO  [org.hibernate.hql.internal.QueryTranslatorFactoryInitiator] (ServerService Thread Pool -- 53) HHH000397: Using ASTQueryTranslatorFactory
2022-01-24 17:44:29,178 INFO  [org.jboss.resteasy.resteasy_jaxrs.i18n] (ServerService Thread Pool -- 53) RESTEASY002225: Deploying javax.ws.rs.core.Application: class org.keycloak.services.resources.KeycloakApplication
2022-01-24 17:44:29,180 INFO  [org.jboss.resteasy.resteasy_jaxrs.i18n] (ServerService Thread Pool -- 53) RESTEASY002200: Adding class resource org.keycloak.services.resources.JsResource from Application class org.keycloak.services.resources.KeycloakApplication
2022-01-24 17:44:29,182 INFO  [org.jboss.resteasy.resteasy_jaxrs.i18n] (ServerService Thread Pool -- 53) RESTEASY002205: Adding provider class org.keycloak.services.filters.KeycloakSecurityHeadersFilter from Application class org.keycloak.services.resources.KeycloakApplication
2022-01-24 17:44:29,182 INFO  [org.jboss.resteasy.resteasy_jaxrs.i18n] (ServerService Thread Pool -- 53) RESTEASY002200: Adding class resource org.keycloak.services.resources.ThemeResource from Application class org.keycloak.services.resources.KeycloakApplication
2022-01-24 17:44:29,184 INFO  [org.jboss.resteasy.resteasy_jaxrs.i18n] (ServerService Thread Pool -- 53) RESTEASY002205: Adding provider class org.keycloak.services.error.KeycloakErrorHandler from Application class org.keycloak.services.resources.KeycloakApplication
2022-01-24 17:44:29,185 INFO  [org.jboss.resteasy.resteasy_jaxrs.i18n] (ServerService Thread Pool -- 53) RESTEASY002210: Adding provider singleton org.keycloak.services.util.ObjectMapperResolver from Application class org.keycloak.services.resources.KeycloakApplication
2022-01-24 17:44:29,185 INFO  [org.jboss.resteasy.resteasy_jaxrs.i18n] (ServerService Thread Pool -- 53) RESTEASY002220: Adding singleton resource org.keycloak.services.resources.RealmsResource from Application class org.keycloak.services.resources.KeycloakApplication
2022-01-24 17:44:29,186 INFO  [org.jboss.resteasy.resteasy_jaxrs.i18n] (ServerService Thread Pool -- 53) RESTEASY002220: Adding singleton resource org.keycloak.services.resources.admin.AdminRoot from Application class org.keycloak.services.resources.KeycloakApplication
2022-01-24 17:44:29,186 INFO  [org.jboss.resteasy.resteasy_jaxrs.i18n] (ServerService Thread Pool -- 53) RESTEASY002220: Adding singleton resource org.keycloak.services.resources.WelcomeResource from Application class org.keycloak.services.resources.KeycloakApplication
2022-01-24 17:44:29,187 INFO  [org.jboss.resteasy.resteasy_jaxrs.i18n] (ServerService Thread Pool -- 53) RESTEASY002220: Adding singleton resource org.keycloak.services.resources.RobotsResource from Application class org.keycloak.services.resources.KeycloakApplication
2022-01-24 17:44:29,298 INFO  [org.wildfly.extension.undertow] (ServerService Thread Pool -- 53) WFLYUT0021: Registered web context: '/auth' for server 'default-server'
2022-01-24 17:44:29,398 INFO  [org.jboss.as.server] (ServerService Thread Pool -- 42) WFLYSRV0010: Deployed "keycloak-server.war" (runtime-name : "keycloak-server.war")
2022-01-24 17:44:29,451 INFO  [org.jboss.as.server] (Controller Boot Thread) WFLYSRV0212: Resuming server
2022-01-24 17:44:29,454 INFO  [org.jboss.as] (Controller Boot Thread) WFLYSRV0025: Keycloak 16.1.0 (WildFly Core 18.0.0.Final) started in 14993ms - Started 573 of 851 services (576 services are lazy, passive or on-demand)
2022-01-24 17:44:29,460 INFO  [org.jboss.as] (Controller Boot Thread) WFLYSRV0060: Http management interface listening on http://127.0.0.1:9990/management
2022-01-24 17:44:29,461 INFO  [org.jboss.as] (Controller Boot Thread) WFLYSRV0051: Admin console listening on http://127.0.0.1:9990
